<?xml version="1.0" encoding="UTF-8"?>
<robot generator="Robot 4.1.2 (Python 3.10.0 on win32)" generated="20211024 13:05:20.587" rpa="false" schemaversion="2">
<suite id="s1" name="Webautomation" source="C:\Users\Administrator\Desktop\teste3\webautomation.robot">
<kw name="Abrir o navegador" library="resource" type="SETUP">
<kw name="Open Browser" library="SeleniumLibrary">
<arg>browser=Chrome</arg>
<doc>Opens a new browser instance to the optional ``url``.</doc>
<msg timestamp="20211024 13:05:20.738" level="INFO">Opening browser 'Chrome' to base url 'None'.</msg>
<status status="PASS" starttime="20211024 13:05:20.738" endtime="20211024 13:05:21.705"/>
</kw>
<status status="PASS" starttime="20211024 13:05:20.738" endtime="20211024 13:05:21.705"/>
</kw>
<test id="s1-t1" name="Caso de Teste 03: Pesquisar produto existente">
<kw name="Acessar a página home do site Automation Practice" library="resource">
<kw name="Go To" library="SeleniumLibrary">
<arg>${URL}</arg>
<doc>Navigates the current browser window to the provided ``url``.</doc>
<msg timestamp="20211024 13:05:21.706" level="INFO">Opening url 'http://automationpractice.com'</msg>
<status status="PASS" starttime="20211024 13:05:21.706" endtime="20211024 13:05:25.920"/>
</kw>
<status status="PASS" starttime="20211024 13:05:21.706" endtime="20211024 13:05:25.920"/>
</kw>
<kw name="Passar o mouse por cima da categoria &quot;Women&quot; no menu principal superior de categorias" library="resource" sourcename="Passar o mouse por cima da categoria &quot;${Women}&quot; no menu principal superior de categorias">
<kw name="Element Should Be Visible" library="SeleniumLibrary">
<arg>//a[contains(@title,'Women')]</arg>
<doc>Verifies that the element identified by ``locator`` is visible.</doc>
<msg timestamp="20211024 13:05:25.939" level="INFO">Element '//a[contains(@title,'Women')]' is displayed.</msg>
<status status="PASS" starttime="20211024 13:05:25.921" endtime="20211024 13:05:25.939"/>
</kw>
<kw name="Mouse Over" library="SeleniumLibrary">
<arg>//a[contains(@title,'Women')]</arg>
<doc>Simulates hovering the mouse over the element ``locator``.</doc>
<msg timestamp="20211024 13:05:25.940" level="INFO">Simulating Mouse Over on element '//a[contains(@title,'Women')]'.</msg>
<status status="PASS" starttime="20211024 13:05:25.940" endtime="20211024 13:05:26.223"/>
</kw>
<status status="PASS" starttime="20211024 13:05:25.921" endtime="20211024 13:05:26.223"/>
</kw>
<kw name="Clicar na sub categoria &quot;Summer Dresses&quot;" library="resource" sourcename="Clicar na sub categoria &quot;${summer_dresses}&quot;">
<kw name="Element Should Be Visible" library="SeleniumLibrary">
<arg>(//a[contains(@title,'Summer Dresses')])[1]</arg>
<doc>Verifies that the element identified by ``locator`` is visible.</doc>
<msg timestamp="20211024 13:05:26.240" level="INFO">Element '(//a[contains(@title,'Summer Dresses')])[1]' is displayed.</msg>
<status status="PASS" starttime="20211024 13:05:26.223" endtime="20211024 13:05:26.240"/>
</kw>
<kw name="Click Element" library="SeleniumLibrary">
<arg>(//a[contains(@title,'Summer Dresses')])[1]</arg>
<doc>Click the element identified by ``locator``.</doc>
<msg timestamp="20211024 13:05:26.240" level="INFO">Clicking element '(//a[contains(@title,'Summer Dresses')])[1]'.</msg>
<status status="PASS" starttime="20211024 13:05:26.240" endtime="20211024 13:05:27.996"/>
</kw>
<status status="PASS" starttime="20211024 13:05:26.223" endtime="20211024 13:05:27.997"/>
</kw>
<kw name="Conferir se os produtos da sub-categoria&quot;Summer Dresses&quot; foram mostrados na página" library="resource">
<kw name="Element Should Be Visible" library="SeleniumLibrary">
<arg>//img[@src='http://automationpractice.com/img/p/1/2/12-home_default.jpg']</arg>
<doc>Verifies that the element identified by ``locator`` is visible.</doc>
<msg timestamp="20211024 13:05:28.012" level="INFO">Element '//img[@src='http://automationpractice.com/img/p/1/2/12-home_default.jpg']' is displayed.</msg>
<status status="PASS" starttime="20211024 13:05:27.997" endtime="20211024 13:05:28.012"/>
</kw>
<kw name="Element Should Be Visible" library="SeleniumLibrary">
<arg>//img[@src='http://automationpractice.com/img/p/1/6/16-home_default.jpg']</arg>
<doc>Verifies that the element identified by ``locator`` is visible.</doc>
<msg timestamp="20211024 13:05:28.025" level="INFO">Element '//img[@src='http://automationpractice.com/img/p/1/6/16-home_default.jpg']' is displayed.</msg>
<status status="PASS" starttime="20211024 13:05:28.012" endtime="20211024 13:05:28.025"/>
</kw>
<kw name="Element Should Be Visible" library="SeleniumLibrary">
<arg>//img[contains(@alt,'Printed Chiffon Dress')]</arg>
<doc>Verifies that the element identified by ``locator`` is visible.</doc>
<msg timestamp="20211024 13:05:28.037" level="INFO">Element '//img[contains(@alt,'Printed Chiffon Dress')]' is displayed.</msg>
<status status="PASS" starttime="20211024 13:05:28.025" endtime="20211024 13:05:28.037"/>
</kw>
<status status="PASS" starttime="20211024 13:05:27.997" endtime="20211024 13:05:28.037"/>
</kw>
<tag>PESQUISAR</tag>
<status status="PASS" starttime="20211024 13:05:21.705" endtime="20211024 13:05:28.037"/>
</test>
<kw name="Fechar o navegador" library="resource" type="TEARDOWN">
<kw name="Close Browser" library="SeleniumLibrary">
<doc>Closes the current browser.</doc>
<status status="PASS" starttime="20211024 13:05:28.038" endtime="20211024 13:05:30.098"/>
</kw>
<status status="PASS" starttime="20211024 13:05:28.038" endtime="20211024 13:05:30.098"/>
</kw>
<doc>Teste 3 Web</doc>
<status status="PASS" starttime="20211024 13:05:20.588" endtime="20211024 13:05:30.098"/>
</suite>
<statistics>
<total>
<stat pass="1" fail="0" skip="0">All Tests</stat>
</total>
<tag>
<stat pass="1" fail="0" skip="0">PESQUISAR</stat>
</tag>
<suite>
<stat pass="1" fail="0" skip="0" id="s1" name="Webautomation">Webautomation</stat>
</suite>
</statistics>
<errors>
</errors>
</robot>
